09-Mar-2026 16:18:10.399 INFO [main] org.apache.catalina.startup.VersionLoggerListener.log Server version name:   Apache Tomcat/10.1.52
09-Mar-2026 16:18:10.403 INFO [main] org.apache.catalina.startup.VersionLoggerListener.log Server built:          Jan 23 2026 19:29:07 UTC
09-Mar-2026 16:18:10.403 INFO [main] org.apache.catalina.startup.VersionLoggerListener.log Server version number: 10.1.52.0
09-Mar-2026 16:18:10.403 INFO [main] org.apache.catalina.startup.VersionLoggerListener.log OS Name:               Windows 11
09-Mar-2026 16:18:10.403 INFO [main] org.apache.catalina.startup.VersionLoggerListener.log OS Version:            10.0
09-Mar-2026 16:18:10.403 INFO [main] org.apache.catalina.startup.VersionLoggerListener.log Architecture:          amd64
09-Mar-2026 16:18:10.403 INFO [main] org.apache.catalina.startup.VersionLoggerListener.log Java Home:             C:\Program Files\Eclipse Adoptium\jdk-17.0.18.8-hotspot
09-Mar-2026 16:18:10.403 INFO [main] org.apache.catalina.startup.VersionLoggerListener.log JVM Version:           17.0.18+8
09-Mar-2026 16:18:10.403 INFO [main] org.apache.catalina.startup.VersionLoggerListener.log JVM Vendor:            Eclipse Adoptium
09-Mar-2026 16:18:10.403 INFO [main] org.apache.catalina.startup.VersionLoggerListener.log CATALINA_BASE:         D:\travel-management-system\.tools\apache-tomcat-10.1.52
09-Mar-2026 16:18:10.403 INFO [main] org.apache.catalina.startup.VersionLoggerListener.log CATALINA_HOME:         D:\travel-management-system\.tools\apache-tomcat-10.1.52
09-Mar-2026 16:18:10.415 INFO [main] org.apache.catalina.startup.VersionLoggerListener.log Command line argument: -Djava.util.logging.config.file=d:\travel-management-system\.tools\apache-tomcat-10.1.52\conf\logging.properties
09-Mar-2026 16:18:10.415 INFO [main] org.apache.catalina.startup.VersionLoggerListener.log Command line argument: -Djava.util.logging.manager=org.apache.juli.ClassLoaderLogManager
09-Mar-2026 16:18:10.415 INFO [main] org.apache.catalina.startup.VersionLoggerListener.log Command line argument: -Djdk.tls.ephemeralDHKeySize=2048
09-Mar-2026 16:18:10.415 INFO [main] org.apache.catalina.startup.VersionLoggerListener.log Command line argument: -Djava.protocol.handler.pkgs=org.apache.catalina.webresources
09-Mar-2026 16:18:10.415 INFO [main] org.apache.catalina.startup.VersionLoggerListener.log Command line argument: -Dsun.io.useCanonCaches=false
09-Mar-2026 16:18:10.415 INFO [main] org.apache.catalina.startup.VersionLoggerListener.log Command line argument: --add-opens=java.base/java.lang=ALL-UNNAMED
09-Mar-2026 16:18:10.415 INFO [main] org.apache.catalina.startup.VersionLoggerListener.log Command line argument: --add-opens=java.base/java.lang.reflect=ALL-UNNAMED
09-Mar-2026 16:18:10.415 INFO [main] org.apache.catalina.startup.VersionLoggerListener.log Command line argument: --add-opens=java.base/java.io=ALL-UNNAMED
09-Mar-2026 16:18:10.415 INFO [main] org.apache.catalina.startup.VersionLoggerListener.log Command line argument: --add-opens=java.base/java.util=ALL-UNNAMED
09-Mar-2026 16:18:10.415 INFO [main] org.apache.catalina.startup.VersionLoggerListener.log Command line argument: --add-opens=java.base/java.util.concurrent=ALL-UNNAMED
09-Mar-2026 16:18:10.415 INFO [main] org.apache.catalina.startup.VersionLoggerListener.log Command line argument: --add-opens=java.rmi/sun.rmi.transport=ALL-UNNAMED
09-Mar-2026 16:18:10.415 INFO [main] org.apache.catalina.startup.VersionLoggerListener.log Command line argument: -Dcatalina.base=d:\travel-management-system\.tools\apache-tomcat-10.1.52
09-Mar-2026 16:18:10.415 INFO [main] org.apache.catalina.startup.VersionLoggerListener.log Command line argument: -Dcatalina.home=d:\travel-management-system\.tools\apache-tomcat-10.1.52
09-Mar-2026 16:18:10.415 INFO [main] org.apache.catalina.startup.VersionLoggerListener.log Command line argument: -Djava.io.tmpdir=d:\travel-management-system\.tools\apache-tomcat-10.1.52\temp
09-Mar-2026 16:18:11.818 INFO [main] org.apache.catalina.core.AprLifecycleListener.lifecycleEvent Loaded Apache Tomcat Native library [2.0.12] using APR version [1.7.6].
09-Mar-2026 16:18:11.828 INFO [main] org.apache.catalina.core.AprLifecycleListener.initializeSSL OpenSSL successfully initialized [OpenSSL 3.5.4 30 Sep 2025]
09-Mar-2026 16:18:12.018 INFO [main] org.apache.coyote.AbstractProtocol.init Initializing ProtocolHandler ["http-nio-8080"]
09-Mar-2026 16:18:12.051 INFO [main] org.apache.catalina.startup.Catalina.load Server initialization in [1814] milliseconds
09-Mar-2026 16:18:12.156 INFO [main] org.apache.catalina.core.StandardService.startInternal Starting service [Catalina]
09-Mar-2026 16:18:12.156 INFO [main] org.apache.catalina.core.StandardEngine.startInternal Starting Servlet engine: [Apache Tomcat/10.1.52]
09-Mar-2026 16:18:12.215 INFO [main] org.apache.catalina.startup.HostConfig.deployWAR Deploying web application archive [D:\travel-management-system\.tools\apache-tomcat-10.1.52\webapps\travel-management-system.war]
09-Mar-2026 16:18:13.341 INFO [main] org.apache.jasper.servlet.TldScanner.scanJars At least one JAR was scanned for TLDs yet contained no TLDs. Enable debug logging for this logger for a complete list of JARs that were scanned but no TLDs were found in them. Skipping unneeded JARs during scanning can improve startup time and JSP compilation time.
09-Mar-2026 16:19:50.242 INFO [main] org.apache.catalina.startup.VersionLoggerListener.log Server version name:   Apache Tomcat/10.1.52
09-Mar-2026 16:19:50.264 INFO [main] org.apache.catalina.startup.VersionLoggerListener.log Server built:          Jan 23 2026 19:29:07 UTC
09-Mar-2026 16:19:50.264 INFO [main] org.apache.catalina.startup.VersionLoggerListener.log Server version number: 10.1.52.0
09-Mar-2026 16:19:50.264 INFO [main] org.apache.catalina.startup.VersionLoggerListener.log OS Name:               Windows 11
09-Mar-2026 16:19:50.264 INFO [main] org.apache.catalina.startup.VersionLoggerListener.log OS Version:            10.0
09-Mar-2026 16:19:50.267 INFO [main] org.apache.catalina.startup.VersionLoggerListener.log Architecture:          amd64
09-Mar-2026 16:19:50.267 INFO [main] org.apache.catalina.startup.VersionLoggerListener.log Java Home:             C:\Program Files\Eclipse Adoptium\jdk-17.0.18.8-hotspot
09-Mar-2026 16:19:50.267 INFO [main] org.apache.catalina.startup.VersionLoggerListener.log JVM Version:           17.0.18+8
09-Mar-2026 16:19:50.267 INFO [main] org.apache.catalina.startup.VersionLoggerListener.log JVM Vendor:            Eclipse Adoptium
09-Mar-2026 16:19:50.267 INFO [main] org.apache.catalina.startup.VersionLoggerListener.log CATALINA_BASE:         D:\travel-management-system\.tools\apache-tomcat-10.1.52
09-Mar-2026 16:19:50.267 INFO [main] org.apache.catalina.startup.VersionLoggerListener.log CATALINA_HOME:         D:\travel-management-system\.tools\apache-tomcat-10.1.52
09-Mar-2026 16:19:50.272 INFO [main] org.apache.catalina.startup.VersionLoggerListener.log Command line argument: -Djava.util.logging.config.file=d:\travel-management-system\.tools\apache-tomcat-10.1.52\conf\logging.properties
09-Mar-2026 16:19:50.279 INFO [main] org.apache.catalina.startup.VersionLoggerListener.log Command line argument: -Djava.util.logging.manager=org.apache.juli.ClassLoaderLogManager
09-Mar-2026 16:19:50.279 INFO [main] org.apache.catalina.startup.VersionLoggerListener.log Command line argument: -Djdk.tls.ephemeralDHKeySize=2048
09-Mar-2026 16:19:50.279 INFO [main] org.apache.catalina.startup.VersionLoggerListener.log Command line argument: -Djava.protocol.handler.pkgs=org.apache.catalina.webresources
09-Mar-2026 16:19:50.279 INFO [main] org.apache.catalina.startup.VersionLoggerListener.log Command line argument: -Dsun.io.useCanonCaches=false
09-Mar-2026 16:19:50.279 INFO [main] org.apache.catalina.startup.VersionLoggerListener.log Command line argument: --add-opens=java.base/java.lang=ALL-UNNAMED
09-Mar-2026 16:19:50.279 INFO [main] org.apache.catalina.startup.VersionLoggerListener.log Command line argument: --add-opens=java.base/java.lang.reflect=ALL-UNNAMED
09-Mar-2026 16:19:50.279 INFO [main] org.apache.catalina.startup.VersionLoggerListener.log Command line argument: --add-opens=java.base/java.io=ALL-UNNAMED
09-Mar-2026 16:19:50.279 INFO [main] org.apache.catalina.startup.VersionLoggerListener.log Command line argument: --add-opens=java.base/java.util=ALL-UNNAMED
09-Mar-2026 16:19:50.279 INFO [main] org.apache.catalina.startup.VersionLoggerListener.log Command line argument: --add-opens=java.base/java.util.concurrent=ALL-UNNAMED
09-Mar-2026 16:19:50.279 INFO [main] org.apache.catalina.startup.VersionLoggerListener.log Command line argument: --add-opens=java.rmi/sun.rmi.transport=ALL-UNNAMED
09-Mar-2026 16:19:50.279 INFO [main] org.apache.catalina.startup.VersionLoggerListener.log Command line argument: -Dcatalina.base=d:\travel-management-system\.tools\apache-tomcat-10.1.52
09-Mar-2026 16:19:50.279 INFO [main] org.apache.catalina.startup.VersionLoggerListener.log Command line argument: -Dcatalina.home=d:\travel-management-system\.tools\apache-tomcat-10.1.52
09-Mar-2026 16:19:50.279 INFO [main] org.apache.catalina.startup.VersionLoggerListener.log Command line argument: -Djava.io.tmpdir=d:\travel-management-system\.tools\apache-tomcat-10.1.52\temp
09-Mar-2026 16:19:50.279 INFO [main] org.apache.catalina.core.AprLifecycleListener.lifecycleEvent Loaded Apache Tomcat Native library [2.0.12] using APR version [1.7.6].
09-Mar-2026 16:19:50.279 INFO [main] org.apache.catalina.core.AprLifecycleListener.initializeSSL OpenSSL successfully initialized [OpenSSL 3.5.4 30 Sep 2025]
09-Mar-2026 16:19:50.502 INFO [main] org.apache.coyote.AbstractProtocol.init Initializing ProtocolHandler ["http-nio-8080"]
09-Mar-2026 16:19:50.536 INFO [main] org.apache.catalina.startup.Catalina.load Server initialization in [427] milliseconds
09-Mar-2026 16:19:50.616 INFO [main] org.apache.catalina.core.StandardService.startInternal Starting service [Catalina]
09-Mar-2026 16:19:50.617 INFO [main] org.apache.catalina.core.StandardEngine.startInternal Starting Servlet engine: [Apache Tomcat/10.1.52]
09-Mar-2026 16:19:50.667 INFO [main] org.apache.catalina.startup.HostConfig.deployWAR Deploying web application archive [D:\travel-management-system\.tools\apache-tomcat-10.1.52\webapps\travel-management-system.war]
09-Mar-2026 16:19:51.541 INFO [main] org.apache.jasper.servlet.TldScanner.scanJars At least one JAR was scanned for TLDs yet contained no TLDs. Enable debug logging for this logger for a complete list of JARs that were scanned but no TLDs were found in them. Skipping unneeded JARs during scanning can improve startup time and JSP compilation time.
09-Mar-2026 16:19:51.665 INFO [main] org.apache.catalina.startup.HostConfig.deployWAR Deployment of web application archive [D:\travel-management-system\.tools\apache-tomcat-10.1.52\webapps\travel-management-system.war] has finished in [998] ms
09-Mar-2026 16:19:51.665 INFO [main] org.apache.catalina.startup.HostConfig.deployDirectory Deploying web application directory [D:\travel-management-system\.tools\apache-tomcat-10.1.52\webapps\docs]
09-Mar-2026 16:19:51.696 INFO [main] org.apache.catalina.startup.HostConfig.deployDirectory Deployment of web application directory [D:\travel-management-system\.tools\apache-tomcat-10.1.52\webapps\docs] has finished in [28] ms
09-Mar-2026 16:19:51.696 INFO [main] org.apache.catalina.startup.HostConfig.deployDirectory Deploying web application directory [D:\travel-management-system\.tools\apache-tomcat-10.1.52\webapps\examples]
09-Mar-2026 16:19:51.925 INFO [main] org.apache.catalina.startup.HostConfig.deployDirectory Deployment of web application directory [D:\travel-management-system\.tools\apache-tomcat-10.1.52\webapps\examples] has finished in [229] ms
09-Mar-2026 16:19:51.926 INFO [main] org.apache.catalina.startup.HostConfig.deployDirectory Deploying web application directory [D:\travel-management-system\.tools\apache-tomcat-10.1.52\webapps\host-manager]
09-Mar-2026 16:19:51.942 INFO [main] org.apache.catalina.startup.HostConfig.deployDirectory Deployment of web application directory [D:\travel-management-system\.tools\apache-tomcat-10.1.52\webapps\host-manager] has finished in [16] ms
09-Mar-2026 16:19:51.942 INFO [main] org.apache.catalina.startup.HostConfig.deployDirectory Deploying web application directory [D:\travel-management-system\.tools\apache-tomcat-10.1.52\webapps\manager]
09-Mar-2026 16:19:51.976 INFO [main] org.apache.catalina.startup.HostConfig.deployDirectory Deployment of web application directory [D:\travel-management-system\.tools\apache-tomcat-10.1.52\webapps\manager] has finished in [33] ms
09-Mar-2026 16:19:51.976 INFO [main] org.apache.catalina.startup.HostConfig.deployDirectory Deploying web application directory [D:\travel-management-system\.tools\apache-tomcat-10.1.52\webapps\ROOT]
09-Mar-2026 16:19:51.997 INFO [main] org.apache.catalina.startup.HostConfig.deployDirectory Deployment of web application directory [D:\travel-management-system\.tools\apache-tomcat-10.1.52\webapps\ROOT] has finished in [21] ms
09-Mar-2026 16:19:51.997 INFO [main] org.apache.coyote.AbstractProtocol.start Starting ProtocolHandler ["http-nio-8080"]
09-Mar-2026 16:19:52.043 INFO [main] org.apache.catalina.startup.Catalina.start Server startup in [1504] milliseconds
09-Mar-2026 16:23:51.792 INFO [main] org.apache.catalina.startup.VersionLoggerListener.log Server version name:   Apache Tomcat/10.1.52
09-Mar-2026 16:23:51.806 INFO [main] org.apache.catalina.startup.VersionLoggerListener.log Server built:          Jan 23 2026 19:29:07 UTC
09-Mar-2026 16:23:51.808 INFO [main] org.apache.catalina.startup.VersionLoggerListener.log Server version number: 10.1.52.0
09-Mar-2026 16:23:51.809 INFO [main] org.apache.catalina.startup.VersionLoggerListener.log OS Name:               Windows 11
09-Mar-2026 16:23:51.809 INFO [main] org.apache.catalina.startup.VersionLoggerListener.log OS Version:            10.0
09-Mar-2026 16:23:51.809 INFO [main] org.apache.catalina.startup.VersionLoggerListener.log Architecture:          amd64
09-Mar-2026 16:23:51.809 INFO [main] org.apache.catalina.startup.VersionLoggerListener.log Java Home:             C:\Program Files\Eclipse Adoptium\jdk-17.0.18.8-hotspot
09-Mar-2026 16:23:51.810 INFO [main] org.apache.catalina.startup.VersionLoggerListener.log JVM Version:           17.0.18+8
09-Mar-2026 16:23:51.810 INFO [main] org.apache.catalina.startup.VersionLoggerListener.log JVM Vendor:            Eclipse Adoptium
09-Mar-2026 16:23:51.810 INFO [main] org.apache.catalina.startup.VersionLoggerListener.log CATALINA_BASE:         D:\travel-management-system\.tools\apache-tomcat-10.1.52
09-Mar-2026 16:23:51.811 INFO [main] org.apache.catalina.startup.VersionLoggerListener.log CATALINA_HOME:         D:\travel-management-system\.tools\apache-tomcat-10.1.52
09-Mar-2026 16:23:51.819 INFO [main] org.apache.catalina.startup.VersionLoggerListener.log Command line argument: -Djava.util.logging.config.file=d:\travel-management-system\.tools\apache-tomcat-10.1.52\conf\logging.properties
09-Mar-2026 16:23:51.820 INFO [main] org.apache.catalina.startup.VersionLoggerListener.log Command line argument: -Djava.util.logging.manager=org.apache.juli.ClassLoaderLogManager
09-Mar-2026 16:23:51.820 INFO [main] org.apache.catalina.startup.VersionLoggerListener.log Command line argument: -Djdk.tls.ephemeralDHKeySize=2048
09-Mar-2026 16:23:51.820 INFO [main] org.apache.catalina.startup.VersionLoggerListener.log Command line argument: -Djava.protocol.handler.pkgs=org.apache.catalina.webresources
09-Mar-2026 16:23:51.820 INFO [main] org.apache.catalina.startup.VersionLoggerListener.log Command line argument: -Dsun.io.useCanonCaches=false
09-Mar-2026 16:23:51.821 INFO [main] org.apache.catalina.startup.VersionLoggerListener.log Command line argument: --add-opens=java.base/java.lang=ALL-UNNAMED
09-Mar-2026 16:23:51.821 INFO [main] org.apache.catalina.startup.VersionLoggerListener.log Command line argument: --add-opens=java.base/java.lang.reflect=ALL-UNNAMED
09-Mar-2026 16:23:51.822 INFO [main] org.apache.catalina.startup.VersionLoggerListener.log Command line argument: --add-opens=java.base/java.io=ALL-UNNAMED
09-Mar-2026 16:23:51.822 INFO [main] org.apache.catalina.startup.VersionLoggerListener.log Command line argument: --add-opens=java.base/java.util=ALL-UNNAMED
09-Mar-2026 16:23:51.822 INFO [main] org.apache.catalina.startup.VersionLoggerListener.log Command line argument: --add-opens=java.base/java.util.concurrent=ALL-UNNAMED
09-Mar-2026 16:23:51.823 INFO [main] org.apache.catalina.startup.VersionLoggerListener.log Command line argument: --add-opens=java.rmi/sun.rmi.transport=ALL-UNNAMED
09-Mar-2026 16:23:51.824 INFO [main] org.apache.catalina.startup.VersionLoggerListener.log Command line argument: -Dcatalina.base=d:\travel-management-system\.tools\apache-tomcat-10.1.52
09-Mar-2026 16:23:51.824 INFO [main] org.apache.catalina.startup.VersionLoggerListener.log Command line argument: -Dcatalina.home=d:\travel-management-system\.tools\apache-tomcat-10.1.52
09-Mar-2026 16:23:51.824 INFO [main] org.apache.catalina.startup.VersionLoggerListener.log Command line argument: -Djava.io.tmpdir=d:\travel-management-system\.tools\apache-tomcat-10.1.52\temp
09-Mar-2026 16:23:51.827 INFO [main] org.apache.catalina.core.AprLifecycleListener.lifecycleEvent Loaded Apache Tomcat Native library [2.0.12] using APR version [1.7.6].
09-Mar-2026 16:23:51.833 INFO [main] org.apache.catalina.core.AprLifecycleListener.initializeSSL OpenSSL successfully initialized [OpenSSL 3.5.4 30 Sep 2025]
09-Mar-2026 16:23:52.092 INFO [main] org.apache.coyote.AbstractProtocol.init Initializing ProtocolHandler ["http-nio-8080"]
09-Mar-2026 16:23:52.127 INFO [main] org.apache.catalina.startup.Catalina.load Server initialization in [546] milliseconds
09-Mar-2026 16:23:52.242 INFO [main] org.apache.catalina.core.StandardService.startInternal Starting service [Catalina]
09-Mar-2026 16:23:52.242 INFO [main] org.apache.catalina.core.StandardEngine.startInternal Starting Servlet engine: [Apache Tomcat/10.1.52]
09-Mar-2026 16:23:52.324 INFO [main] org.apache.catalina.startup.HostConfig.deployWAR Deploying web application archive [D:\travel-management-system\.tools\apache-tomcat-10.1.52\webapps\travel-management-system.war]
09-Mar-2026 16:23:52.347 INFO [main] org.apache.catalina.startup.ExpandWar.expand An expanded directory [D:\travel-management-system\.tools\apache-tomcat-10.1.52\webapps\travel-management-system] was found with a last modified time that did not match the associated WAR. It will be deleted.
09-Mar-2026 16:23:53.424 INFO [main] org.apache.jasper.servlet.TldScanner.scanJars At least one JAR was scanned for TLDs yet contained no TLDs. Enable debug logging for this logger for a complete list of JARs that were scanned but no TLDs were found in them. Skipping unneeded JARs during scanning can improve startup time and JSP compilation time.
09-Mar-2026 16:23:53.578 INFO [main] org.apache.catalina.startup.HostConfig.deployWAR Deployment of web application archive [D:\travel-management-system\.tools\apache-tomcat-10.1.52\webapps\travel-management-system.war] has finished in [1,254] ms
09-Mar-2026 16:23:53.580 INFO [main] org.apache.catalina.startup.HostConfig.deployDirectory Deploying web application directory [D:\travel-management-system\.tools\apache-tomcat-10.1.52\webapps\docs]
09-Mar-2026 16:23:53.619 INFO [main] org.apache.catalina.startup.HostConfig.deployDirectory Deployment of web application directory [D:\travel-management-system\.tools\apache-tomcat-10.1.52\webapps\docs] has finished in [39] ms
09-Mar-2026 16:23:53.621 INFO [main] org.apache.catalina.startup.HostConfig.deployDirectory Deploying web application directory [D:\travel-management-system\.tools\apache-tomcat-10.1.52\webapps\examples]
09-Mar-2026 16:23:53.970 INFO [main] org.apache.catalina.startup.HostConfig.deployDirectory Deployment of web application directory [D:\travel-management-system\.tools\apache-tomcat-10.1.52\webapps\examples] has finished in [346] ms
09-Mar-2026 16:23:53.970 INFO [main] org.apache.catalina.startup.HostConfig.deployDirectory Deploying web application directory [D:\travel-management-system\.tools\apache-tomcat-10.1.52\webapps\host-manager]
09-Mar-2026 16:23:54.008 INFO [main] org.apache.catalina.startup.HostConfig.deployDirectory Deployment of web application directory [D:\travel-management-system\.tools\apache-tomcat-10.1.52\webapps\host-manager] has finished in [38] ms
09-Mar-2026 16:23:54.008 INFO [main] org.apache.catalina.startup.HostConfig.deployDirectory Deploying web application directory [D:\travel-management-system\.tools\apache-tomcat-10.1.52\webapps\manager]
09-Mar-2026 16:23:54.038 INFO [main] org.apache.catalina.startup.HostConfig.deployDirectory Deployment of web application directory [D:\travel-management-system\.tools\apache-tomcat-10.1.52\webapps\manager] has finished in [30] ms
09-Mar-2026 16:23:54.039 INFO [main] org.apache.catalina.startup.HostConfig.deployDirectory Deploying web application directory [D:\travel-management-system\.tools\apache-tomcat-10.1.52\webapps\ROOT]
09-Mar-2026 16:23:54.059 INFO [main] org.apache.catalina.startup.HostConfig.deployDirectory Deployment of web application directory [D:\travel-management-system\.tools\apache-tomcat-10.1.52\webapps\ROOT] has finished in [19] ms
09-Mar-2026 16:23:54.067 INFO [main] org.apache.coyote.AbstractProtocol.start Starting ProtocolHandler ["http-nio-8080"]
09-Mar-2026 16:23:54.107 INFO [main] org.apache.catalina.startup.Catalina.start Server startup in [1974] milliseconds
09-Mar-2026 16:41:11.149 INFO [main] org.apache.catalina.core.StandardServer.await A valid shutdown command was received via the shutdown port. Stopping the Server instance.
09-Mar-2026 16:41:11.151 INFO [main] org.apache.coyote.AbstractProtocol.pause Pausing ProtocolHandler ["http-nio-8080"]
09-Mar-2026 16:41:12.023 INFO [main] org.apache.catalina.core.StandardService.stopInternal Stopping service [Catalina]
09-Mar-2026 16:41:12.080 WARNING [main] org.apache.catalina.loader.WebappClassLoaderBase.clearReferencesJdbc The web application [travel-management-system] registered the JDBC driver [com.mysql.cj.jdbc.Driver] but failed to unregister it when the web application was stopped. To prevent a memory leak, the JDBC Driver has been forcibly unregistered.
09-Mar-2026 16:41:12.082 WARNING [main] org.apache.catalina.loader.WebappClassLoaderBase.clearReferencesThreads The web application [travel-management-system] appears to have started a thread named [mysql-cj-abandoned-connection-cleanup] but has failed to stop it. This is very likely to create a memory leak. Stack trace of thread:
 java.base@17.0.18/java.lang.Object.wait(Native Method)
 java.base@17.0.18/java.lang.ref.ReferenceQueue.remove(ReferenceQueue.java:155)
 com.mysql.cj.jdbc.AbandonedConnectionCleanupThread.run(AbandonedConnectionCleanupThread.java:84)
 java.base@17.0.18/java.util.concurrent.ThreadPoolExecutor.runWorker(ThreadPoolExecutor.java:1136)
 java.base@17.0.18/java.util.concurrent.ThreadPoolExecutor$Worker.run(ThreadPoolExecutor.java:635)
 java.base@17.0.18/java.lang.Thread.run(Thread.java:840)
09-Mar-2026 16:41:12.092 INFO [main] org.apache.coyote.AbstractProtocol.stop Stopping ProtocolHandler ["http-nio-8080"]
09-Mar-2026 16:41:12.109 INFO [main] org.apache.coyote.AbstractProtocol.destroy Destroying ProtocolHandler ["http-nio-8080"]
09-Mar-2026 16:41:12.171 INFO [mysql-cj-abandoned-connection-cleanup] org.apache.catalina.loader.WebappClassLoaderBase.checkStateForResourceLoading Illegal access: this web application instance has been stopped already. Could not load []. The following stack trace is thrown for debugging purposes as well as to attempt to terminate the thread which caused the illegal access.
	java.lang.IllegalStateException: Illegal access: this web application instance has been stopped already. Could not load []. The following stack trace is thrown for debugging purposes as well as to attempt to terminate the thread which caused the illegal access.
		at org.apache.catalina.loader.WebappClassLoaderBase.checkStateForResourceLoading(WebappClassLoaderBase.java:1396)
		at org.apache.catalina.loader.WebappClassLoaderBase.getResource(WebappClassLoaderBase.java:984)
		at com.mysql.cj.jdbc.AbandonedConnectionCleanupThread.checkThreadContextClassLoader(AbandonedConnectionCleanupThread.java:116)
		at com.mysql.cj.jdbc.AbandonedConnectionCleanupThread.run(AbandonedConnectionCleanupThread.java:83)
		at java.base/java.util.concurrent.ThreadPoolExecutor.runWorker(ThreadPoolExecutor.java:1136)
		at java.base/java.util.concurrent.ThreadPoolExecutor$Worker.run(ThreadPoolExecutor.java:635)
		at java.base/java.lang.Thread.run(Thread.java:840)
09-Mar-2026 16:41:19.574 INFO [main] org.apache.catalina.startup.VersionLoggerListener.log Server version name:   Apache Tomcat/10.1.52
09-Mar-2026 16:41:19.582 INFO [main] org.apache.catalina.startup.VersionLoggerListener.log Server built:          Jan 23 2026 19:29:07 UTC
09-Mar-2026 16:41:19.583 INFO [main] org.apache.catalina.startup.VersionLoggerListener.log Server version number: 10.1.52.0
09-Mar-2026 16:41:19.583 INFO [main] org.apache.catalina.startup.VersionLoggerListener.log OS Name:               Windows 11
09-Mar-2026 16:41:19.584 INFO [main] org.apache.catalina.startup.VersionLoggerListener.log OS Version:            10.0
09-Mar-2026 16:41:19.584 INFO [main] org.apache.catalina.startup.VersionLoggerListener.log Architecture:          amd64
09-Mar-2026 16:41:19.584 INFO [main] org.apache.catalina.startup.VersionLoggerListener.log Java Home:             C:\Program Files\Eclipse Adoptium\jdk-17.0.18.8-hotspot
09-Mar-2026 16:41:19.585 INFO [main] org.apache.catalina.startup.VersionLoggerListener.log JVM Version:           17.0.18+8
09-Mar-2026 16:41:19.586 INFO [main] org.apache.catalina.startup.VersionLoggerListener.log JVM Vendor:            Eclipse Adoptium
09-Mar-2026 16:41:19.586 INFO [main] org.apache.catalina.startup.VersionLoggerListener.log CATALINA_BASE:         D:\travel-management-system\.tools\apache-tomcat-10.1.52
09-Mar-2026 16:41:19.587 INFO [main] org.apache.catalina.startup.VersionLoggerListener.log CATALINA_HOME:         D:\travel-management-system\.tools\apache-tomcat-10.1.52
09-Mar-2026 16:41:19.612 INFO [main] org.apache.catalina.startup.VersionLoggerListener.log Command line argument: -Djava.util.logging.config.file=d:\travel-management-system\.tools\apache-tomcat-10.1.52\conf\logging.properties
09-Mar-2026 16:41:19.612 INFO [main] org.apache.catalina.startup.VersionLoggerListener.log Command line argument: -Djava.util.logging.manager=org.apache.juli.ClassLoaderLogManager
09-Mar-2026 16:41:19.612 INFO [main] org.apache.catalina.startup.VersionLoggerListener.log Command line argument: -Djdk.tls.ephemeralDHKeySize=2048
09-Mar-2026 16:41:19.613 INFO [main] org.apache.catalina.startup.VersionLoggerListener.log Command line argument: -Djava.protocol.handler.pkgs=org.apache.catalina.webresources
09-Mar-2026 16:41:19.613 INFO [main] org.apache.catalina.startup.VersionLoggerListener.log Command line argument: -Dsun.io.useCanonCaches=false
09-Mar-2026 16:41:19.613 INFO [main] org.apache.catalina.startup.VersionLoggerListener.log Command line argument: --add-opens=java.base/java.lang=ALL-UNNAMED
09-Mar-2026 16:41:19.613 INFO [main] org.apache.catalina.startup.VersionLoggerListener.log Command line argument: --add-opens=java.base/java.lang.reflect=ALL-UNNAMED
09-Mar-2026 16:41:19.615 INFO [main] org.apache.catalina.startup.VersionLoggerListener.log Command line argument: --add-opens=java.base/java.io=ALL-UNNAMED
09-Mar-2026 16:41:19.615 INFO [main] org.apache.catalina.startup.VersionLoggerListener.log Command line argument: --add-opens=java.base/java.util=ALL-UNNAMED
09-Mar-2026 16:41:19.615 INFO [main] org.apache.catalina.startup.VersionLoggerListener.log Command line argument: --add-opens=java.base/java.util.concurrent=ALL-UNNAMED
09-Mar-2026 16:41:19.615 INFO [main] org.apache.catalina.startup.VersionLoggerListener.log Command line argument: --add-opens=java.rmi/sun.rmi.transport=ALL-UNNAMED
09-Mar-2026 16:41:19.615 INFO [main] org.apache.catalina.startup.VersionLoggerListener.log Command line argument: -Dcatalina.base=d:\travel-management-system\.tools\apache-tomcat-10.1.52
09-Mar-2026 16:41:19.615 INFO [main] org.apache.catalina.startup.VersionLoggerListener.log Command line argument: -Dcatalina.home=d:\travel-management-system\.tools\apache-tomcat-10.1.52
09-Mar-2026 16:41:19.617 INFO [main] org.apache.catalina.startup.VersionLoggerListener.log Command line argument: -Djava.io.tmpdir=d:\travel-management-system\.tools\apache-tomcat-10.1.52\temp
09-Mar-2026 16:41:19.623 INFO [main] org.apache.catalina.core.AprLifecycleListener.lifecycleEvent Loaded Apache Tomcat Native library [2.0.12] using APR version [1.7.6].
09-Mar-2026 16:41:19.632 INFO [main] org.apache.catalina.core.AprLifecycleListener.initializeSSL OpenSSL successfully initialized [OpenSSL 3.5.4 30 Sep 2025]
09-Mar-2026 16:41:19.965 INFO [main] org.apache.coyote.AbstractProtocol.init Initializing ProtocolHandler ["http-nio-8080"]
09-Mar-2026 16:41:20.020 INFO [main] org.apache.catalina.startup.Catalina.load Server initialization in [712] milliseconds
09-Mar-2026 16:41:20.131 INFO [main] org.apache.catalina.core.StandardService.startInternal Starting service [Catalina]
09-Mar-2026 16:41:20.132 INFO [main] org.apache.catalina.core.StandardEngine.startInternal Starting Servlet engine: [Apache Tomcat/10.1.52]
09-Mar-2026 16:41:20.240 INFO [main] org.apache.catalina.startup.HostConfig.deployWAR Deploying web application archive [D:\travel-management-system\.tools\apache-tomcat-10.1.52\webapps\travel-management-system.war]
09-Mar-2026 16:41:20.274 INFO [main] org.apache.catalina.startup.ExpandWar.expand An expanded directory [D:\travel-management-system\.tools\apache-tomcat-10.1.52\webapps\travel-management-system] was found with a last modified time that did not match the associated WAR. It will be deleted.
09-Mar-2026 16:41:21.645 INFO [main] org.apache.jasper.servlet.TldScanner.scanJars At least one JAR was scanned for TLDs yet contained no TLDs. Enable debug logging for this logger for a complete list of JARs that were scanned but no TLDs were found in them. Skipping unneeded JARs during scanning can improve startup time and JSP compilation time.
09-Mar-2026 16:41:21.795 INFO [main] org.apache.catalina.startup.HostConfig.deployWAR Deployment of web application archive [D:\travel-management-system\.tools\apache-tomcat-10.1.52\webapps\travel-management-system.war] has finished in [1,555] ms
09-Mar-2026 16:41:21.796 INFO [main] org.apache.catalina.startup.HostConfig.deployDirectory Deploying web application directory [D:\travel-management-system\.tools\apache-tomcat-10.1.52\webapps\docs]
09-Mar-2026 16:41:21.830 INFO [main] org.apache.catalina.startup.HostConfig.deployDirectory Deployment of web application directory [D:\travel-management-system\.tools\apache-tomcat-10.1.52\webapps\docs] has finished in [34] ms
09-Mar-2026 16:41:21.831 INFO [main] org.apache.catalina.startup.HostConfig.deployDirectory Deploying web application directory [D:\travel-management-system\.tools\apache-tomcat-10.1.52\webapps\examples]
09-Mar-2026 16:41:22.187 INFO [main] org.apache.catalina.startup.HostConfig.deployDirectory Deployment of web application directory [D:\travel-management-system\.tools\apache-tomcat-10.1.52\webapps\examples] has finished in [356] ms
09-Mar-2026 16:41:22.187 INFO [main] org.apache.catalina.startup.HostConfig.deployDirectory Deploying web application directory [D:\travel-management-system\.tools\apache-tomcat-10.1.52\webapps\host-manager]
09-Mar-2026 16:41:22.229 INFO [main] org.apache.catalina.startup.HostConfig.deployDirectory Deployment of web application directory [D:\travel-management-system\.tools\apache-tomcat-10.1.52\webapps\host-manager] has finished in [41] ms
09-Mar-2026 16:41:22.230 INFO [main] org.apache.catalina.startup.HostConfig.deployDirectory Deploying web application directory [D:\travel-management-system\.tools\apache-tomcat-10.1.52\webapps\manager]
09-Mar-2026 16:41:22.261 INFO [main] org.apache.catalina.startup.HostConfig.deployDirectory Deployment of web application directory [D:\travel-management-system\.tools\apache-tomcat-10.1.52\webapps\manager] has finished in [32] ms
09-Mar-2026 16:41:22.263 INFO [main] org.apache.catalina.startup.HostConfig.deployDirectory Deploying web application directory [D:\travel-management-system\.tools\apache-tomcat-10.1.52\webapps\ROOT]
09-Mar-2026 16:41:22.287 INFO [main] org.apache.catalina.startup.HostConfig.deployDirectory Deployment of web application directory [D:\travel-management-system\.tools\apache-tomcat-10.1.52\webapps\ROOT] has finished in [24] ms
09-Mar-2026 16:41:22.298 INFO [main] org.apache.coyote.AbstractProtocol.start Starting ProtocolHandler ["http-nio-8080"]
09-Mar-2026 16:41:22.349 INFO [main] org.apache.catalina.startup.Catalina.start Server startup in [2328] milliseconds
